pkg_config: checking for pkg-config for /home/mlf/smart_ai/smart_bot/vender/bundle/ruby/4.0.0/gems/sqlite3-1.7.3/ports/x86_64-linux-gnu/sqlite3/3.45.2/lib/pkgconfig/sqlite3.pc... -------------------- ["-I/home/mlf/smart_ai/smart_bot/vender/bundle/ruby/4.0.0/gems/sqlite3-1.7.3/ports/x86_64-linux-gnu/sqlite3/3.45.2/include ", "-L/home/mlf/smart_ai/smart_bot/vender/bundle/ruby/4.0.0/gems/sqlite3-1.7.3/ports/x86_64-linux-gnu/sqlite3/3.45.2/lib", "-lsqlite3"]

LD_LIBRARY_PATH=.:/usr/local/lib LSAN_OPTIONS=detect_leaks=0 pkg-config --exists /home/mlf/smart_ai/smart_bot/vender/bundle/ruby/4.0.0/gems/sqlite3-1.7.3/ports/x86_64-linux-gnu/sqlite3/3.45.2/lib/pkgconfig/sqlite3.pc
LD_LIBRARY_PATH=.:/usr/local/lib LSAN_OPTIONS=detect_leaks=0 pkg-config --libs /home/mlf/smart_ai/smart_bot/vender/bundle/ruby/4.0.0/gems/sqlite3-1.7.3/ports/x86_64-linux-gnu/sqlite3/3.45.2/lib/pkgconfig/sqlite3.pc |
=> "-L/home/mlf/smart_ai/smart_bot/vender/bundle/ruby/4.0.0/gems/sqlite3-1.7.3/ports/x86_64-linux-gnu/sqlite3/3.45.2/lib -lsqlite3\n"
LD_LIBRARY_PATH=.:/usr/local/lib LSAN_OPTIONS=detect_leaks=0 "gcc -o conftest -I/usr/local/include/ruby-4.0.0/x86_64-linux -I/usr/local/include/ruby-4.0.0/ruby/backward -I/usr/local/include/ruby-4.0.0 -I.    -fstack-protector-strong -U_FORTIFY_SOURCE -D_FORTIFY_SOURCE=2  -O3 -fno-fast-math -ggdb3 -Wall -Wextra -Wdeprecated-declarations -Wdiv-by-zero -Wduplicated-cond -Wimplicit-function-declaration -Wimplicit-int -Wpointer-arith -Wwrite-strings -Wold-style-definition -Wimplicit-fallthrough=0 -Wmissing-noreturn -Wno-cast-function-type -Wno-constant-logical-operand -Wno-long-long -Wno-missing-field-initializers -Wno-overlength-strings -Wno-packed-bitfield-compat -Wno-parentheses-equality -Wno-self-assign -Wno-tautological-compare -Wno-unused-parameter -Wno-unused-value -Wsuggest-attribute=format -Wsuggest-attribute=noreturn -Wunused-variable -Wmisleading-indentation -Wundef conftest.c -L. -L/usr/local/lib -Wl,-rpath,/usr/local/lib -L. -fstack-protector-strong -rdynamic -Wl,-export-dynamic     -Wl,-rpath,/usr/local/lib -L/usr/local/lib -lruby-static -lz -lrt -lrt -lgmp -ldl -lcrypt -lm -lpthread   -lm -lpthread  -lc"
checked program was:
/* begin */
1: #include "ruby.h"
2: 
3: int main(int argc, char **argv)
4: {
5:   return !!argv[argc];
6: }
/* end */

LD_LIBRARY_PATH=.:/usr/local/lib LSAN_OPTIONS=detect_leaks=0 "gcc -o conftest -I/usr/local/include/ruby-4.0.0/x86_64-linux -I/usr/local/include/ruby-4.0.0/ruby/backward -I/usr/local/include/ruby-4.0.0 -I.    -fstack-protector-strong -U_FORTIFY_SOURCE -D_FORTIFY_SOURCE=2  -O3 -fno-fast-math -ggdb3 -Wall -Wextra -Wdeprecated-declarations -Wdiv-by-zero -Wduplicated-cond -Wimplicit-function-declaration -Wimplicit-int -Wpointer-arith -Wwrite-strings -Wold-style-definition -Wimplicit-fallthrough=0 -Wmissing-noreturn -Wno-cast-function-type -Wno-constant-logical-operand -Wno-long-long -Wno-missing-field-initializers -Wno-overlength-strings -Wno-packed-bitfield-compat -Wno-parentheses-equality -Wno-self-assign -Wno-tautological-compare -Wno-unused-parameter -Wno-unused-value -Wsuggest-attribute=format -Wsuggest-attribute=noreturn -Wunused-variable -Wmisleading-indentation -Wundef conftest.c -L. -L/usr/local/lib -Wl,-rpath,/usr/local/lib -L. -fstack-protector-strong -rdynamic -Wl,-export-dynamic -L/home/mlf/smart_ai/smart_bot/vender/bundle/ruby/4.0.0/gems/sqlite3-1.7.3/ports/x86_64-linux-gnu/sqlite3/3.45.2/lib -lsqlite3    -Wl,-rpath,/usr/local/lib -L/usr/local/lib -lruby-static -lz -lrt -lrt -lgmp -ldl -lcrypt -lm -lpthread   -lm -lpthread  -lc"
checked program was:
/* begin */
1: #include "ruby.h"
2: 
3: int main(int argc, char **argv)
4: {
5:   return !!argv[argc];
6: }
/* end */

LD_LIBRARY_PATH=.:/usr/local/lib LSAN_OPTIONS=detect_leaks=0 pkg-config --cflags-only-I /home/mlf/smart_ai/smart_bot/vender/bundle/ruby/4.0.0/gems/sqlite3-1.7.3/ports/x86_64-linux-gnu/sqlite3/3.45.2/lib/pkgconfig/sqlite3.pc |
=> "-I/home/mlf/smart_ai/smart_bot/vender/bundle/ruby/4.0.0/gems/sqlite3-1.7.3/ports/x86_64-linux-gnu/sqlite3/3.45.2/include\n"
LD_LIBRARY_PATH=.:/usr/local/lib LSAN_OPTIONS=detect_leaks=0 pkg-config --cflags-only-other /home/mlf/smart_ai/smart_bot/vender/bundle/ruby/4.0.0/gems/sqlite3-1.7.3/ports/x86_64-linux-gnu/sqlite3/3.45.2/lib/pkgconfig/sqlite3.pc |
=> "\n"
LD_LIBRARY_PATH=.:/usr/local/lib LSAN_OPTIONS=detect_leaks=0 pkg-config --libs-only-l /home/mlf/smart_ai/smart_bot/vender/bundle/ruby/4.0.0/gems/sqlite3-1.7.3/ports/x86_64-linux-gnu/sqlite3/3.45.2/lib/pkgconfig/sqlite3.pc |
=> "-lsqlite3\n"
package configuration for /home/mlf/smart_ai/smart_bot/vender/bundle/ruby/4.0.0/gems/sqlite3-1.7.3/ports/x86_64-linux-gnu/sqlite3/3.45.2/lib/pkgconfig/sqlite3.pc
incflags: -I/home/mlf/smart_ai/smart_bot/vender/bundle/ruby/4.0.0/gems/sqlite3-1.7.3/ports/x86_64-linux-gnu/sqlite3/3.45.2/include
cflags: 
ldflags: -L/home/mlf/smart_ai/smart_bot/vender/bundle/ruby/4.0.0/gems/sqlite3-1.7.3/ports/x86_64-linux-gnu/sqlite3/3.45.2/lib
libs: -lsqlite3

--------------------

LD_LIBRARY_PATH=.:/usr/local/lib LSAN_OPTIONS=detect_leaks=0 pkg-config --libs --static /home/mlf/smart_ai/smart_bot/vender/bundle/ruby/4.0.0/gems/sqlite3-1.7.3/ports/x86_64-linux-gnu/sqlite3/3.45.2/lib/pkgconfig/sqlite3.pc |
append_ldflags: checking for whether -L/home/mlf/smart_ai/smart_bot/vender/bundle/ruby/4.0.0/gems/sqlite3-1.7.3/ports/x86_64-linux-gnu/sqlite3/3.45.2/lib is accepted as LDFLAGS... -------------------- yes

LD_LIBRARY_PATH=.:/usr/local/lib LSAN_OPTIONS=detect_leaks=0 "gcc -o conftest -I/usr/local/include/ruby-4.0.0/x86_64-linux -I/usr/local/include/ruby-4.0.0/ruby/backward -I/usr/local/include/ruby-4.0.0 -I. -I/home/mlf/smart_ai/smart_bot/vender/bundle/ruby/4.0.0/gems/sqlite3-1.7.3/ports/x86_64-linux-gnu/sqlite3/3.45.2/include    -fstack-protector-strong -U_FORTIFY_SOURCE -D_FORTIFY_SOURCE=2  -O3 -fno-fast-math -ggdb3 -Wall -Wextra -Wdeprecated-declarations -Wdiv-by-zero -Wduplicated-cond -Wimplicit-function-declaration -Wimplicit-int -Wpointer-arith -Wwrite-strings -Wold-style-definition -Wimplicit-fallthrough=0 -Wmissing-noreturn -Wno-cast-function-type -Wno-constant-logical-operand -Wno-long-long -Wno-missing-field-initializers -Wno-overlength-strings -Wno-packed-bitfield-compat -Wno-parentheses-equality -Wno-self-assign -Wno-tautological-compare -Wno-unused-parameter -Wno-unused-value -Wsuggest-attribute=format -Wsuggest-attribute=noreturn -Wunused-variable -Wmisleading-indentation -Wundef  conftest.c -L. -L/usr/local/lib -Wl,-rpath,/usr/local/lib -L. -fstack-protector-strong -rdynamic -Wl,-export-dynamic -L/home/mlf/smart_ai/smart_bot/vender/bundle/ruby/4.0.0/gems/sqlite3-1.7.3/ports/x86_64-linux-gnu/sqlite3/3.45.2/lib -L/home/mlf/smart_ai/smart_bot/vender/bundle/ruby/4.0.0/gems/sqlite3-1.7.3/ports/x86_64-linux-gnu/sqlite3/3.45.2/lib    -lsqlite3 -Wl,-rpath,/usr/local/lib -L/usr/local/lib -lruby-static -lz -lrt -lrt -lgmp -ldl -lcrypt -lm -lpthread   -lm -lpthread  -lc"
checked program was:
/* begin */
1: #include "ruby.h"
2: 
3: int main(int argc, char **argv)
4: {
5:   return !!argv[argc];
6: }
/* end */

--------------------

append_ldflags: checking for whether -lsqlite3 is accepted as LDFLAGS... -------------------- yes

LD_LIBRARY_PATH=.:/usr/local/lib LSAN_OPTIONS=detect_leaks=0 "gcc -o conftest -I/usr/local/include/ruby-4.0.0/x86_64-linux -I/usr/local/include/ruby-4.0.0/ruby/backward -I/usr/local/include/ruby-4.0.0 -I. -I/home/mlf/smart_ai/smart_bot/vender/bundle/ruby/4.0.0/gems/sqlite3-1.7.3/ports/x86_64-linux-gnu/sqlite3/3.45.2/include    -fstack-protector-strong -U_FORTIFY_SOURCE -D_FORTIFY_SOURCE=2  -O3 -fno-fast-math -ggdb3 -Wall -Wextra -Wdeprecated-declarations -Wdiv-by-zero -Wduplicated-cond -Wimplicit-function-declaration -Wimplicit-int -Wpointer-arith -Wwrite-strings -Wold-style-definition -Wimplicit-fallthrough=0 -Wmissing-noreturn -Wno-cast-function-type -Wno-constant-logical-operand -Wno-long-long -Wno-missing-field-initializers -Wno-overlength-strings -Wno-packed-bitfield-compat -Wno-parentheses-equality -Wno-self-assign -Wno-tautological-compare -Wno-unused-parameter -Wno-unused-value -Wsuggest-attribute=format -Wsuggest-attribute=noreturn -Wunused-variable -Wmisleading-indentation -Wundef  conftest.c -L. -L/usr/local/lib -Wl,-rpath,/usr/local/lib -L. -fstack-protector-strong -rdynamic -Wl,-export-dynamic -L/home/mlf/smart_ai/smart_bot/vender/bundle/ruby/4.0.0/gems/sqlite3-1.7.3/ports/x86_64-linux-gnu/sqlite3/3.45.2/lib -L/home/mlf/smart_ai/smart_bot/vender/bundle/ruby/4.0.0/gems/sqlite3-1.7.3/ports/x86_64-linux-gnu/sqlite3/3.45.2/lib -lsqlite3    -lsqlite3 -Wl,-rpath,/usr/local/lib -L/usr/local/lib -lruby-static -lz -lrt -lrt -lgmp -ldl -lcrypt -lm -lpthread   -lm -lpthread  -lc"
checked program was:
/* begin */
1: #include "ruby.h"
2: 
3: int main(int argc, char **argv)
4: {
5:   return !!argv[argc];
6: }
/* end */

--------------------

append_ldflags: checking for whether -lz is accepted as LDFLAGS... -------------------- yes

LD_LIBRARY_PATH=.:/usr/local/lib LSAN_OPTIONS=detect_leaks=0 "gcc -o conftest -I/usr/local/include/ruby-4.0.0/x86_64-linux -I/usr/local/include/ruby-4.0.0/ruby/backward -I/usr/local/include/ruby-4.0.0 -I. -I/home/mlf/smart_ai/smart_bot/vender/bundle/ruby/4.0.0/gems/sqlite3-1.7.3/ports/x86_64-linux-gnu/sqlite3/3.45.2/include    -fstack-protector-strong -U_FORTIFY_SOURCE -D_FORTIFY_SOURCE=2  -O3 -fno-fast-math -ggdb3 -Wall -Wextra -Wdeprecated-declarations -Wdiv-by-zero -Wduplicated-cond -Wimplicit-function-declaration -Wimplicit-int -Wpointer-arith -Wwrite-strings -Wold-style-definition -Wimplicit-fallthrough=0 -Wmissing-noreturn -Wno-cast-function-type -Wno-constant-logical-operand -Wno-long-long -Wno-missing-field-initializers -Wno-overlength-strings -Wno-packed-bitfield-compat -Wno-parentheses-equality -Wno-self-assign -Wno-tautological-compare -Wno-unused-parameter -Wno-unused-value -Wsuggest-attribute=format -Wsuggest-attribute=noreturn -Wunused-variable -Wmisleading-indentation -Wundef  conftest.c -L. -L/usr/local/lib -Wl,-rpath,/usr/local/lib -L. -fstack-protector-strong -rdynamic -Wl,-export-dynamic -L/home/mlf/smart_ai/smart_bot/vender/bundle/ruby/4.0.0/gems/sqlite3-1.7.3/ports/x86_64-linux-gnu/sqlite3/3.45.2/lib -L/home/mlf/smart_ai/smart_bot/vender/bundle/ruby/4.0.0/gems/sqlite3-1.7.3/ports/x86_64-linux-gnu/sqlite3/3.45.2/lib -lsqlite3 -lz    -lsqlite3 -Wl,-rpath,/usr/local/lib -L/usr/local/lib -lruby-static -lz -lrt -lrt -lgmp -ldl -lcrypt -lm -lpthread   -lm -lpthread  -lc"
checked program was:
/* begin */
1: #include "ruby.h"
2: 
3: int main(int argc, char **argv)
4: {
5:   return !!argv[argc];
6: }
/* end */

--------------------

append_ldflags: checking for whether -lm is accepted as LDFLAGS... -------------------- yes

LD_LIBRARY_PATH=.:/usr/local/lib LSAN_OPTIONS=detect_leaks=0 "gcc -o conftest -I/usr/local/include/ruby-4.0.0/x86_64-linux -I/usr/local/include/ruby-4.0.0/ruby/backward -I/usr/local/include/ruby-4.0.0 -I. -I/home/mlf/smart_ai/smart_bot/vender/bundle/ruby/4.0.0/gems/sqlite3-1.7.3/ports/x86_64-linux-gnu/sqlite3/3.45.2/include    -fstack-protector-strong -U_FORTIFY_SOURCE -D_FORTIFY_SOURCE=2  -O3 -fno-fast-math -ggdb3 -Wall -Wextra -Wdeprecated-declarations -Wdiv-by-zero -Wduplicated-cond -Wimplicit-function-declaration -Wimplicit-int -Wpointer-arith -Wwrite-strings -Wold-style-definition -Wimplicit-fallthrough=0 -Wmissing-noreturn -Wno-cast-function-type -Wno-constant-logical-operand -Wno-long-long -Wno-missing-field-initializers -Wno-overlength-strings -Wno-packed-bitfield-compat -Wno-parentheses-equality -Wno-self-assign -Wno-tautological-compare -Wno-unused-parameter -Wno-unused-value -Wsuggest-attribute=format -Wsuggest-attribute=noreturn -Wunused-variable -Wmisleading-indentation -Wundef  conftest.c -L. -L/usr/local/lib -Wl,-rpath,/usr/local/lib -L. -fstack-protector-strong -rdynamic -Wl,-export-dynamic -L/home/mlf/smart_ai/smart_bot/vender/bundle/ruby/4.0.0/gems/sqlite3-1.7.3/ports/x86_64-linux-gnu/sqlite3/3.45.2/lib -L/home/mlf/smart_ai/smart_bot/vender/bundle/ruby/4.0.0/gems/sqlite3-1.7.3/ports/x86_64-linux-gnu/sqlite3/3.45.2/lib -lsqlite3 -lz -lm    -lsqlite3 -Wl,-rpath,/usr/local/lib -L/usr/local/lib -lruby-static -lz -lrt -lrt -lgmp -ldl -lcrypt -lm -lpthread   -lm -lpthread  -lc"
checked program was:
/* begin */
1: #include "ruby.h"
2: 
3: int main(int argc, char **argv)
4: {
5:   return !!argv[argc];
6: }
/* end */

--------------------

append_cflags: checking for whether -fvisibility=hidden is accepted as CFLAGS... -------------------- yes

LD_LIBRARY_PATH=.:/usr/local/lib LSAN_OPTIONS=detect_leaks=0 "gcc -I/usr/local/include/ruby-4.0.0/x86_64-linux -I/usr/local/include/ruby-4.0.0/ruby/backward -I/usr/local/include/ruby-4.0.0 -I. -I/home/mlf/smart_ai/smart_bot/vender/bundle/ruby/4.0.0/gems/sqlite3-1.7.3/ports/x86_64-linux-gnu/sqlite3/3.45.2/include    -fstack-protector-strong -U_FORTIFY_SOURCE -D_FORTIFY_SOURCE=2  -O3 -fno-fast-math -ggdb3 -Wall -Wextra -Wdeprecated-declarations -Wdiv-by-zero -Wduplicated-cond -Wimplicit-function-declaration -Wimplicit-int -Wpointer-arith -Wwrite-strings -Wold-style-definition -Wimplicit-fallthrough=0 -Wmissing-noreturn -Wno-cast-function-type -Wno-constant-logical-operand -Wno-long-long -Wno-missing-field-initializers -Wno-overlength-strings -Wno-packed-bitfield-compat -Wno-parentheses-equality -Wno-self-assign -Wno-tautological-compare -Wno-unused-parameter -Wno-unused-value -Wsuggest-attribute=format -Wsuggest-attribute=noreturn -Wunused-variable -Wmisleading-indentation -Wundef   -fvisibility=hidden -Werror -c conftest.c"
checked program was:
/* begin */
1: #include "ruby.h"
2: 
3: int main(int argc, char **argv)
4: {
5:   return !!argv[argc];
6: }
/* end */

--------------------

find_header: checking for sqlite3.h... -------------------- yes

LD_LIBRARY_PATH=.:/usr/local/lib LSAN_OPTIONS=detect_leaks=0 "gcc -I/usr/local/include/ruby-4.0.0/x86_64-linux -I/usr/local/include/ruby-4.0.0/ruby/backward -I/usr/local/include/ruby-4.0.0 -I. -I/home/mlf/smart_ai/smart_bot/vender/bundle/ruby/4.0.0/gems/sqlite3-1.7.3/ports/x86_64-linux-gnu/sqlite3/3.45.2/include    -fstack-protector-strong -U_FORTIFY_SOURCE -D_FORTIFY_SOURCE=2  -O3 -fno-fast-math -ggdb3 -Wall -Wextra -Wdeprecated-declarations -Wdiv-by-zero -Wduplicated-cond -Wimplicit-function-declaration -Wimplicit-int -Wpointer-arith -Wwrite-strings -Wold-style-definition -Wimplicit-fallthrough=0 -Wmissing-noreturn -Wno-cast-function-type -Wno-constant-logical-operand -Wno-long-long -Wno-missing-field-initializers -Wno-overlength-strings -Wno-packed-bitfield-compat -Wno-parentheses-equality -Wno-self-assign -Wno-tautological-compare -Wno-unused-parameter -Wno-unused-value -Wsuggest-attribute=format -Wsuggest-attribute=noreturn -Wunused-variable -Wmisleading-indentation -Wundef  -fvisibility=hidden   -c conftest.c"
checked program was:
/* begin */
1: #include "ruby.h"
2: 
3: #include <sqlite3.h>
/* end */

--------------------

find_library: checking for sqlite3_libversion_number() in -lsqlite3... -------------------- yes

LD_LIBRARY_PATH=.:/usr/local/lib LSAN_OPTIONS=detect_leaks=0 "gcc -o conftest -I/usr/local/include/ruby-4.0.0/x86_64-linux -I/usr/local/include/ruby-4.0.0/ruby/backward -I/usr/local/include/ruby-4.0.0 -I. -I/home/mlf/smart_ai/smart_bot/vender/bundle/ruby/4.0.0/gems/sqlite3-1.7.3/ports/x86_64-linux-gnu/sqlite3/3.45.2/include    -fstack-protector-strong -U_FORTIFY_SOURCE -D_FORTIFY_SOURCE=2  -O3 -fno-fast-math -ggdb3 -Wall -Wextra -Wdeprecated-declarations -Wdiv-by-zero -Wduplicated-cond -Wimplicit-function-declaration -Wimplicit-int -Wpointer-arith -Wwrite-strings -Wold-style-definition -Wimplicit-fallthrough=0 -Wmissing-noreturn -Wno-cast-function-type -Wno-constant-logical-operand -Wno-long-long -Wno-missing-field-initializers -Wno-overlength-strings -Wno-packed-bitfield-compat -Wno-parentheses-equality -Wno-self-assign -Wno-tautological-compare -Wno-unused-parameter -Wno-unused-value -Wsuggest-attribute=format -Wsuggest-attribute=noreturn -Wunused-variable -Wmisleading-indentation -Wundef  -fvisibility=hidden conftest.c -L. -L/usr/local/lib -Wl,-rpath,/usr/local/lib -L. -fstack-protector-strong -rdynamic -Wl,-export-dynamic -L/home/mlf/smart_ai/smart_bot/vender/bundle/ruby/4.0.0/gems/sqlite3-1.7.3/ports/x86_64-linux-gnu/sqlite3/3.45.2/lib -L/home/mlf/smart_ai/smart_bot/vender/bundle/ruby/4.0.0/gems/sqlite3-1.7.3/ports/x86_64-linux-gnu/sqlite3/3.45.2/lib -lsqlite3 -lz -lm     -lsqlite3 -Wl,-rpath,/usr/local/lib -L/usr/local/lib -lruby-static -lz -lrt -lrt -lgmp -ldl -lcrypt -lm -lpthread  -lsqlite3  -lsqlite3 -lm -lpthread  -lc"
conftest.c: In function ‘t’:
conftest.c:14:57: error: ‘sqlite3_libversion_number’ undeclared (first use in this function)
   14 | int t(void) { void ((*volatile p)()); p = (void ((*)()))sqlite3_libversion_number; return !p; }
      |                                                         ^~~~~~~~~~~~~~~~~~~~~~~~~
conftest.c:14:57: note: each undeclared identifier is reported only once for each function it appears in
conftest.c: At top level:
cc1: note: unrecognized command-line option ‘-Wno-self-assign’ may have been intended to silence earlier diagnostics
cc1: note: unrecognized command-line option ‘-Wno-parentheses-equality’ may have been intended to silence earlier diagnostics
cc1: note: unrecognized command-line option ‘-Wno-constant-logical-operand’ may have been intended to silence earlier diagnostics
checked program was:
/* begin */
 1: #include "ruby.h"
 2: 
 3: /*top*/
 4: extern int t(void);
 5: int main(int argc, char **argv)
 6: {
 7:   if (argc > 1000000) {
 8:     int (* volatile tp)(void)=(int (*)(void))&t;
 9:     printf("%d", (*tp)());
10:   }
11: 
12:   return !!argv[argc];
13: }
14: int t(void) { void ((*volatile p)()); p = (void ((*)()))sqlite3_libversion_number; return !p; }
/* end */

LD_LIBRARY_PATH=.:/usr/local/lib LSAN_OPTIONS=detect_leaks=0 "gcc -o conftest -I/usr/local/include/ruby-4.0.0/x86_64-linux -I/usr/local/include/ruby-4.0.0/ruby/backward -I/usr/local/include/ruby-4.0.0 -I. -I/home/mlf/smart_ai/smart_bot/vender/bundle/ruby/4.0.0/gems/sqlite3-1.7.3/ports/x86_64-linux-gnu/sqlite3/3.45.2/include    -fstack-protector-strong -U_FORTIFY_SOURCE -D_FORTIFY_SOURCE=2  -O3 -fno-fast-math -ggdb3 -Wall -Wextra -Wdeprecated-declarations -Wdiv-by-zero -Wduplicated-cond -Wimplicit-function-declaration -Wimplicit-int -Wpointer-arith -Wwrite-strings -Wold-style-definition -Wimplicit-fallthrough=0 -Wmissing-noreturn -Wno-cast-function-type -Wno-constant-logical-operand -Wno-long-long -Wno-missing-field-initializers -Wno-overlength-strings -Wno-packed-bitfield-compat -Wno-parentheses-equality -Wno-self-assign -Wno-tautological-compare -Wno-unused-parameter -Wno-unused-value -Wsuggest-attribute=format -Wsuggest-attribute=noreturn -Wunused-variable -Wmisleading-indentation -Wundef  -fvisibility=hidden conftest.c -L. -L/usr/local/lib -Wl,-rpath,/usr/local/lib -L. -fstack-protector-strong -rdynamic -Wl,-export-dynamic -L/home/mlf/smart_ai/smart_bot/vender/bundle/ruby/4.0.0/gems/sqlite3-1.7.3/ports/x86_64-linux-gnu/sqlite3/3.45.2/lib -L/home/mlf/smart_ai/smart_bot/vender/bundle/ruby/4.0.0/gems/sqlite3-1.7.3/ports/x86_64-linux-gnu/sqlite3/3.45.2/lib -lsqlite3 -lz -lm     -lsqlite3 -Wl,-rpath,/usr/local/lib -L/usr/local/lib -lruby-static -lz -lrt -lrt -lgmp -ldl -lcrypt -lm -lpthread  -lsqlite3  -lsqlite3 -lm -lpthread  -lc"
checked program was:
/* begin */
 1: #include "ruby.h"
 2: 
 3: /*top*/
 4: extern int t(void);
 5: int main(int argc, char **argv)
 6: {
 7:   if (argc > 1000000) {
 8:     int (* volatile tp)(void)=(int (*)(void))&t;
 9:     printf("%d", (*tp)());
10:   }
11: 
12:   return !!argv[argc];
13: }
14: extern void sqlite3_libversion_number();
15: int t(void) { sqlite3_libversion_number(); return 0; }
/* end */

--------------------

have_func: checking for rb_proc_arity()... -------------------- yes

LD_LIBRARY_PATH=.:/usr/local/lib LSAN_OPTIONS=detect_leaks=0 "gcc -o conftest -I/usr/local/include/ruby-4.0.0/x86_64-linux -I/usr/local/include/ruby-4.0.0/ruby/backward -I/usr/local/include/ruby-4.0.0 -I. -I/home/mlf/smart_ai/smart_bot/vender/bundle/ruby/4.0.0/gems/sqlite3-1.7.3/ports/x86_64-linux-gnu/sqlite3/3.45.2/include    -fstack-protector-strong -U_FORTIFY_SOURCE -D_FORTIFY_SOURCE=2  -O3 -fno-fast-math -ggdb3 -Wall -Wextra -Wdeprecated-declarations -Wdiv-by-zero -Wduplicated-cond -Wimplicit-function-declaration -Wimplicit-int -Wpointer-arith -Wwrite-strings -Wold-style-definition -Wimplicit-fallthrough=0 -Wmissing-noreturn -Wno-cast-function-type -Wno-constant-logical-operand -Wno-long-long -Wno-missing-field-initializers -Wno-overlength-strings -Wno-packed-bitfield-compat -Wno-parentheses-equality -Wno-self-assign -Wno-tautological-compare -Wno-unused-parameter -Wno-unused-value -Wsuggest-attribute=format -Wsuggest-attribute=noreturn -Wunused-variable -Wmisleading-indentation -Wundef  -fvisibility=hidden conftest.c -L. -L/usr/local/lib -Wl,-rpath,/usr/local/lib -L. -fstack-protector-strong -rdynamic -Wl,-export-dynamic -L/home/mlf/smart_ai/smart_bot/vender/bundle/ruby/4.0.0/gems/sqlite3-1.7.3/ports/x86_64-linux-gnu/sqlite3/3.45.2/lib -L/home/mlf/smart_ai/smart_bot/vender/bundle/ruby/4.0.0/gems/sqlite3-1.7.3/ports/x86_64-linux-gnu/sqlite3/3.45.2/lib -lsqlite3 -lz -lm    -lsqlite3  -lsqlite3 -Wl,-rpath,/usr/local/lib -L/usr/local/lib -lruby-static -lz -lrt -lrt -lgmp -ldl -lcrypt -lm -lpthread  -lsqlite3  -lsqlite3 -lm -lpthread  -lc"
checked program was:
/* begin */
 1: #include "ruby.h"
 2: 
 3: /*top*/
 4: extern int t(void);
 5: int main(int argc, char **argv)
 6: {
 7:   if (argc > 1000000) {
 8:     int (* volatile tp)(void)=(int (*)(void))&t;
 9:     printf("%d", (*tp)());
10:   }
11: 
12:   return !!argv[argc];
13: }
14: int t(void) { void ((*volatile p)()); p = (void ((*)()))rb_proc_arity; return !p; }
/* end */

--------------------

have_func: checking for rb_integer_pack()... -------------------- yes

LD_LIBRARY_PATH=.:/usr/local/lib LSAN_OPTIONS=detect_leaks=0 "gcc -o conftest -I/usr/local/include/ruby-4.0.0/x86_64-linux -I/usr/local/include/ruby-4.0.0/ruby/backward -I/usr/local/include/ruby-4.0.0 -I. -I/home/mlf/smart_ai/smart_bot/vender/bundle/ruby/4.0.0/gems/sqlite3-1.7.3/ports/x86_64-linux-gnu/sqlite3/3.45.2/include    -fstack-protector-strong -U_FORTIFY_SOURCE -D_FORTIFY_SOURCE=2  -O3 -fno-fast-math -ggdb3 -Wall -Wextra -Wdeprecated-declarations -Wdiv-by-zero -Wduplicated-cond -Wimplicit-function-declaration -Wimplicit-int -Wpointer-arith -Wwrite-strings -Wold-style-definition -Wimplicit-fallthrough=0 -Wmissing-noreturn -Wno-cast-function-type -Wno-constant-logical-operand -Wno-long-long -Wno-missing-field-initializers -Wno-overlength-strings -Wno-packed-bitfield-compat -Wno-parentheses-equality -Wno-self-assign -Wno-tautological-compare -Wno-unused-parameter -Wno-unused-value -Wsuggest-attribute=format -Wsuggest-attribute=noreturn -Wunused-variable -Wmisleading-indentation -Wundef  -fvisibility=hidden conftest.c -L. -L/usr/local/lib -Wl,-rpath,/usr/local/lib -L. -fstack-protector-strong -rdynamic -Wl,-export-dynamic -L/home/mlf/smart_ai/smart_bot/vender/bundle/ruby/4.0.0/gems/sqlite3-1.7.3/ports/x86_64-linux-gnu/sqlite3/3.45.2/lib -L/home/mlf/smart_ai/smart_bot/vender/bundle/ruby/4.0.0/gems/sqlite3-1.7.3/ports/x86_64-linux-gnu/sqlite3/3.45.2/lib -lsqlite3 -lz -lm    -lsqlite3  -lsqlite3 -Wl,-rpath,/usr/local/lib -L/usr/local/lib -lruby-static -lz -lrt -lrt -lgmp -ldl -lcrypt -lm -lpthread  -lsqlite3  -lsqlite3 -lm -lpthread  -lc"
checked program was:
/* begin */
 1: #include "ruby.h"
 2: 
 3: /*top*/
 4: extern int t(void);
 5: int main(int argc, char **argv)
 6: {
 7:   if (argc > 1000000) {
 8:     int (* volatile tp)(void)=(int (*)(void))&t;
 9:     printf("%d", (*tp)());
10:   }
11: 
12:   return !!argv[argc];
13: }
14: int t(void) { void ((*volatile p)()); p = (void ((*)()))rb_integer_pack; return !p; }
/* end */

--------------------

have_func: checking for sqlite3_initialize()... -------------------- yes

LD_LIBRARY_PATH=.:/usr/local/lib LSAN_OPTIONS=detect_leaks=0 "gcc -o conftest -I/usr/local/include/ruby-4.0.0/x86_64-linux -I/usr/local/include/ruby-4.0.0/ruby/backward -I/usr/local/include/ruby-4.0.0 -I. -I/home/mlf/smart_ai/smart_bot/vender/bundle/ruby/4.0.0/gems/sqlite3-1.7.3/ports/x86_64-linux-gnu/sqlite3/3.45.2/include    -fstack-protector-strong -U_FORTIFY_SOURCE -D_FORTIFY_SOURCE=2  -O3 -fno-fast-math -ggdb3 -Wall -Wextra -Wdeprecated-declarations -Wdiv-by-zero -Wduplicated-cond -Wimplicit-function-declaration -Wimplicit-int -Wpointer-arith -Wwrite-strings -Wold-style-definition -Wimplicit-fallthrough=0 -Wmissing-noreturn -Wno-cast-function-type -Wno-constant-logical-operand -Wno-long-long -Wno-missing-field-initializers -Wno-overlength-strings -Wno-packed-bitfield-compat -Wno-parentheses-equality -Wno-self-assign -Wno-tautological-compare -Wno-unused-parameter -Wno-unused-value -Wsuggest-attribute=format -Wsuggest-attribute=noreturn -Wunused-variable -Wmisleading-indentation -Wundef  -fvisibility=hidden conftest.c -L. -L/usr/local/lib -Wl,-rpath,/usr/local/lib -L. -fstack-protector-strong -rdynamic -Wl,-export-dynamic -L/home/mlf/smart_ai/smart_bot/vender/bundle/ruby/4.0.0/gems/sqlite3-1.7.3/ports/x86_64-linux-gnu/sqlite3/3.45.2/lib -L/home/mlf/smart_ai/smart_bot/vender/bundle/ruby/4.0.0/gems/sqlite3-1.7.3/ports/x86_64-linux-gnu/sqlite3/3.45.2/lib -lsqlite3 -lz -lm    -lsqlite3  -lsqlite3 -Wl,-rpath,/usr/local/lib -L/usr/local/lib -lruby-static -lz -lrt -lrt -lgmp -ldl -lcrypt -lm -lpthread  -lsqlite3  -lsqlite3 -lm -lpthread  -lc"
conftest.c: In function ‘t’:
conftest.c:14:57: error: ‘sqlite3_initialize’ undeclared (first use in this function)
   14 | int t(void) { void ((*volatile p)()); p = (void ((*)()))sqlite3_initialize; return !p; }
      |                                                         ^~~~~~~~~~~~~~~~~~
conftest.c:14:57: note: each undeclared identifier is reported only once for each function it appears in
conftest.c: At top level:
cc1: note: unrecognized command-line option ‘-Wno-self-assign’ may have been intended to silence earlier diagnostics
cc1: note: unrecognized command-line option ‘-Wno-parentheses-equality’ may have been intended to silence earlier diagnostics
cc1: note: unrecognized command-line option ‘-Wno-constant-logical-operand’ may have been intended to silence earlier diagnostics
checked program was:
/* begin */
 1: #include "ruby.h"
 2: 
 3: /*top*/
 4: extern int t(void);
 5: int main(int argc, char **argv)
 6: {
 7:   if (argc > 1000000) {
 8:     int (* volatile tp)(void)=(int (*)(void))&t;
 9:     printf("%d", (*tp)());
10:   }
11: 
12:   return !!argv[argc];
13: }
14: int t(void) { void ((*volatile p)()); p = (void ((*)()))sqlite3_initialize; return !p; }
/* end */

LD_LIBRARY_PATH=.:/usr/local/lib LSAN_OPTIONS=detect_leaks=0 "gcc -o conftest -I/usr/local/include/ruby-4.0.0/x86_64-linux -I/usr/local/include/ruby-4.0.0/ruby/backward -I/usr/local/include/ruby-4.0.0 -I. -I/home/mlf/smart_ai/smart_bot/vender/bundle/ruby/4.0.0/gems/sqlite3-1.7.3/ports/x86_64-linux-gnu/sqlite3/3.45.2/include    -fstack-protector-strong -U_FORTIFY_SOURCE -D_FORTIFY_SOURCE=2  -O3 -fno-fast-math -ggdb3 -Wall -Wextra -Wdeprecated-declarations -Wdiv-by-zero -Wduplicated-cond -Wimplicit-function-declaration -Wimplicit-int -Wpointer-arith -Wwrite-strings -Wold-style-definition -Wimplicit-fallthrough=0 -Wmissing-noreturn -Wno-cast-function-type -Wno-constant-logical-operand -Wno-long-long -Wno-missing-field-initializers -Wno-overlength-strings -Wno-packed-bitfield-compat -Wno-parentheses-equality -Wno-self-assign -Wno-tautological-compare -Wno-unused-parameter -Wno-unused-value -Wsuggest-attribute=format -Wsuggest-attribute=noreturn -Wunused-variable -Wmisleading-indentation -Wundef  -fvisibility=hidden conftest.c -L. -L/usr/local/lib -Wl,-rpath,/usr/local/lib -L. -fstack-protector-strong -rdynamic -Wl,-export-dynamic -L/home/mlf/smart_ai/smart_bot/vender/bundle/ruby/4.0.0/gems/sqlite3-1.7.3/ports/x86_64-linux-gnu/sqlite3/3.45.2/lib -L/home/mlf/smart_ai/smart_bot/vender/bundle/ruby/4.0.0/gems/sqlite3-1.7.3/ports/x86_64-linux-gnu/sqlite3/3.45.2/lib -lsqlite3 -lz -lm    -lsqlite3  -lsqlite3 -Wl,-rpath,/usr/local/lib -L/usr/local/lib -lruby-static -lz -lrt -lrt -lgmp -ldl -lcrypt -lm -lpthread  -lsqlite3  -lsqlite3 -lm -lpthread  -lc"
checked program was:
/* begin */
 1: #include "ruby.h"
 2: 
 3: /*top*/
 4: extern int t(void);
 5: int main(int argc, char **argv)
 6: {
 7:   if (argc > 1000000) {
 8:     int (* volatile tp)(void)=(int (*)(void))&t;
 9:     printf("%d", (*tp)());
10:   }
11: 
12:   return !!argv[argc];
13: }
14: extern void sqlite3_initialize();
15: int t(void) { sqlite3_initialize(); return 0; }
/* end */

--------------------

have_func: checking for sqlite3_backup_init()... -------------------- yes

LD_LIBRARY_PATH=.:/usr/local/lib LSAN_OPTIONS=detect_leaks=0 "gcc -o conftest -I/usr/local/include/ruby-4.0.0/x86_64-linux -I/usr/local/include/ruby-4.0.0/ruby/backward -I/usr/local/include/ruby-4.0.0 -I. -I/home/mlf/smart_ai/smart_bot/vender/bundle/ruby/4.0.0/gems/sqlite3-1.7.3/ports/x86_64-linux-gnu/sqlite3/3.45.2/include    -fstack-protector-strong -U_FORTIFY_SOURCE -D_FORTIFY_SOURCE=2  -O3 -fno-fast-math -ggdb3 -Wall -Wextra -Wdeprecated-declarations -Wdiv-by-zero -Wduplicated-cond -Wimplicit-function-declaration -Wimplicit-int -Wpointer-arith -Wwrite-strings -Wold-style-definition -Wimplicit-fallthrough=0 -Wmissing-noreturn -Wno-cast-function-type -Wno-constant-logical-operand -Wno-long-long -Wno-missing-field-initializers -Wno-overlength-strings -Wno-packed-bitfield-compat -Wno-parentheses-equality -Wno-self-assign -Wno-tautological-compare -Wno-unused-parameter -Wno-unused-value -Wsuggest-attribute=format -Wsuggest-attribute=noreturn -Wunused-variable -Wmisleading-indentation -Wundef  -fvisibility=hidden conftest.c -L. -L/usr/local/lib -Wl,-rpath,/usr/local/lib -L. -fstack-protector-strong -rdynamic -Wl,-export-dynamic -L/home/mlf/smart_ai/smart_bot/vender/bundle/ruby/4.0.0/gems/sqlite3-1.7.3/ports/x86_64-linux-gnu/sqlite3/3.45.2/lib -L/home/mlf/smart_ai/smart_bot/vender/bundle/ruby/4.0.0/gems/sqlite3-1.7.3/ports/x86_64-linux-gnu/sqlite3/3.45.2/lib -lsqlite3 -lz -lm    -lsqlite3  -lsqlite3 -Wl,-rpath,/usr/local/lib -L/usr/local/lib -lruby-static -lz -lrt -lrt -lgmp -ldl -lcrypt -lm -lpthread  -lsqlite3  -lsqlite3 -lm -lpthread  -lc"
conftest.c: In function ‘t’:
conftest.c:14:57: error: ‘sqlite3_backup_init’ undeclared (first use in this function)
   14 | int t(void) { void ((*volatile p)()); p = (void ((*)()))sqlite3_backup_init; return !p; }
      |                                                         ^~~~~~~~~~~~~~~~~~~
conftest.c:14:57: note: each undeclared identifier is reported only once for each function it appears in
conftest.c: At top level:
cc1: note: unrecognized command-line option ‘-Wno-self-assign’ may have been intended to silence earlier diagnostics
cc1: note: unrecognized command-line option ‘-Wno-parentheses-equality’ may have been intended to silence earlier diagnostics
cc1: note: unrecognized command-line option ‘-Wno-constant-logical-operand’ may have been intended to silence earlier diagnostics
checked program was:
/* begin */
 1: #include "ruby.h"
 2: 
 3: /*top*/
 4: extern int t(void);
 5: int main(int argc, char **argv)
 6: {
 7:   if (argc > 1000000) {
 8:     int (* volatile tp)(void)=(int (*)(void))&t;
 9:     printf("%d", (*tp)());
10:   }
11: 
12:   return !!argv[argc];
13: }
14: int t(void) { void ((*volatile p)()); p = (void ((*)()))sqlite3_backup_init; return !p; }
/* end */

LD_LIBRARY_PATH=.:/usr/local/lib LSAN_OPTIONS=detect_leaks=0 "gcc -o conftest -I/usr/local/include/ruby-4.0.0/x86_64-linux -I/usr/local/include/ruby-4.0.0/ruby/backward -I/usr/local/include/ruby-4.0.0 -I. -I/home/mlf/smart_ai/smart_bot/vender/bundle/ruby/4.0.0/gems/sqlite3-1.7.3/ports/x86_64-linux-gnu/sqlite3/3.45.2/include    -fstack-protector-strong -U_FORTIFY_SOURCE -D_FORTIFY_SOURCE=2  -O3 -fno-fast-math -ggdb3 -Wall -Wextra -Wdeprecated-declarations -Wdiv-by-zero -Wduplicated-cond -Wimplicit-function-declaration -Wimplicit-int -Wpointer-arith -Wwrite-strings -Wold-style-definition -Wimplicit-fallthrough=0 -Wmissing-noreturn -Wno-cast-function-type -Wno-constant-logical-operand -Wno-long-long -Wno-missing-field-initializers -Wno-overlength-strings -Wno-packed-bitfield-compat -Wno-parentheses-equality -Wno-self-assign -Wno-tautological-compare -Wno-unused-parameter -Wno-unused-value -Wsuggest-attribute=format -Wsuggest-attribute=noreturn -Wunused-variable -Wmisleading-indentation -Wundef  -fvisibility=hidden conftest.c -L. -L/usr/local/lib -Wl,-rpath,/usr/local/lib -L. -fstack-protector-strong -rdynamic -Wl,-export-dynamic -L/home/mlf/smart_ai/smart_bot/vender/bundle/ruby/4.0.0/gems/sqlite3-1.7.3/ports/x86_64-linux-gnu/sqlite3/3.45.2/lib -L/home/mlf/smart_ai/smart_bot/vender/bundle/ruby/4.0.0/gems/sqlite3-1.7.3/ports/x86_64-linux-gnu/sqlite3/3.45.2/lib -lsqlite3 -lz -lm    -lsqlite3  -lsqlite3 -Wl,-rpath,/usr/local/lib -L/usr/local/lib -lruby-static -lz -lrt -lrt -lgmp -ldl -lcrypt -lm -lpthread  -lsqlite3  -lsqlite3 -lm -lpthread  -lc"
checked program was:
/* begin */
 1: #include "ruby.h"
 2: 
 3: /*top*/
 4: extern int t(void);
 5: int main(int argc, char **argv)
 6: {
 7:   if (argc > 1000000) {
 8:     int (* volatile tp)(void)=(int (*)(void))&t;
 9:     printf("%d", (*tp)());
10:   }
11: 
12:   return !!argv[argc];
13: }
14: extern void sqlite3_backup_init();
15: int t(void) { sqlite3_backup_init(); return 0; }
/* end */

--------------------

have_func: checking for sqlite3_column_database_name()... -------------------- no

LD_LIBRARY_PATH=.:/usr/local/lib LSAN_OPTIONS=detect_leaks=0 "gcc -o conftest -I/usr/local/include/ruby-4.0.0/x86_64-linux -I/usr/local/include/ruby-4.0.0/ruby/backward -I/usr/local/include/ruby-4.0.0 -I. -I/home/mlf/smart_ai/smart_bot/vender/bundle/ruby/4.0.0/gems/sqlite3-1.7.3/ports/x86_64-linux-gnu/sqlite3/3.45.2/include    -fstack-protector-strong -U_FORTIFY_SOURCE -D_FORTIFY_SOURCE=2  -O3 -fno-fast-math -ggdb3 -Wall -Wextra -Wdeprecated-declarations -Wdiv-by-zero -Wduplicated-cond -Wimplicit-function-declaration -Wimplicit-int -Wpointer-arith -Wwrite-strings -Wold-style-definition -Wimplicit-fallthrough=0 -Wmissing-noreturn -Wno-cast-function-type -Wno-constant-logical-operand -Wno-long-long -Wno-missing-field-initializers -Wno-overlength-strings -Wno-packed-bitfield-compat -Wno-parentheses-equality -Wno-self-assign -Wno-tautological-compare -Wno-unused-parameter -Wno-unused-value -Wsuggest-attribute=format -Wsuggest-attribute=noreturn -Wunused-variable -Wmisleading-indentation -Wundef  -fvisibility=hidden conftest.c -L. -L/usr/local/lib -Wl,-rpath,/usr/local/lib -L. -fstack-protector-strong -rdynamic -Wl,-export-dynamic -L/home/mlf/smart_ai/smart_bot/vender/bundle/ruby/4.0.0/gems/sqlite3-1.7.3/ports/x86_64-linux-gnu/sqlite3/3.45.2/lib -L/home/mlf/smart_ai/smart_bot/vender/bundle/ruby/4.0.0/gems/sqlite3-1.7.3/ports/x86_64-linux-gnu/sqlite3/3.45.2/lib -lsqlite3 -lz -lm    -lsqlite3  -lsqlite3 -Wl,-rpath,/usr/local/lib -L/usr/local/lib -lruby-static -lz -lrt -lrt -lgmp -ldl -lcrypt -lm -lpthread  -lsqlite3  -lsqlite3 -lm -lpthread  -lc"
conftest.c: In function ‘t’:
conftest.c:14:57: error: ‘sqlite3_column_database_name’ undeclared (first use in this function)
   14 | int t(void) { void ((*volatile p)()); p = (void ((*)()))sqlite3_column_database_name; return !p; }
      |                                                         ^~~~~~~~~~~~~~~~~~~~~~~~~~~~
conftest.c:14:57: note: each undeclared identifier is reported only once for each function it appears in
conftest.c: At top level:
cc1: note: unrecognized command-line option ‘-Wno-self-assign’ may have been intended to silence earlier diagnostics
cc1: note: unrecognized command-line option ‘-Wno-parentheses-equality’ may have been intended to silence earlier diagnostics
cc1: note: unrecognized command-line option ‘-Wno-constant-logical-operand’ may have been intended to silence earlier diagnostics
checked program was:
/* begin */
 1: #include "ruby.h"
 2: 
 3: /*top*/
 4: extern int t(void);
 5: int main(int argc, char **argv)
 6: {
 7:   if (argc > 1000000) {
 8:     int (* volatile tp)(void)=(int (*)(void))&t;
 9:     printf("%d", (*tp)());
10:   }
11: 
12:   return !!argv[argc];
13: }
14: int t(void) { void ((*volatile p)()); p = (void ((*)()))sqlite3_column_database_name; return !p; }
/* end */

LD_LIBRARY_PATH=.:/usr/local/lib LSAN_OPTIONS=detect_leaks=0 "gcc -o conftest -I/usr/local/include/ruby-4.0.0/x86_64-linux -I/usr/local/include/ruby-4.0.0/ruby/backward -I/usr/local/include/ruby-4.0.0 -I. -I/home/mlf/smart_ai/smart_bot/vender/bundle/ruby/4.0.0/gems/sqlite3-1.7.3/ports/x86_64-linux-gnu/sqlite3/3.45.2/include    -fstack-protector-strong -U_FORTIFY_SOURCE -D_FORTIFY_SOURCE=2  -O3 -fno-fast-math -ggdb3 -Wall -Wextra -Wdeprecated-declarations -Wdiv-by-zero -Wduplicated-cond -Wimplicit-function-declaration -Wimplicit-int -Wpointer-arith -Wwrite-strings -Wold-style-definition -Wimplicit-fallthrough=0 -Wmissing-noreturn -Wno-cast-function-type -Wno-constant-logical-operand -Wno-long-long -Wno-missing-field-initializers -Wno-overlength-strings -Wno-packed-bitfield-compat -Wno-parentheses-equality -Wno-self-assign -Wno-tautological-compare -Wno-unused-parameter -Wno-unused-value -Wsuggest-attribute=format -Wsuggest-attribute=noreturn -Wunused-variable -Wmisleading-indentation -Wundef  -fvisibility=hidden conftest.c -L. -L/usr/local/lib -Wl,-rpath,/usr/local/lib -L. -fstack-protector-strong -rdynamic -Wl,-export-dynamic -L/home/mlf/smart_ai/smart_bot/vender/bundle/ruby/4.0.0/gems/sqlite3-1.7.3/ports/x86_64-linux-gnu/sqlite3/3.45.2/lib -L/home/mlf/smart_ai/smart_bot/vender/bundle/ruby/4.0.0/gems/sqlite3-1.7.3/ports/x86_64-linux-gnu/sqlite3/3.45.2/lib -lsqlite3 -lz -lm    -lsqlite3  -lsqlite3 -Wl,-rpath,/usr/local/lib -L/usr/local/lib -lruby-static -lz -lrt -lrt -lgmp -ldl -lcrypt -lm -lpthread  -lsqlite3  -lsqlite3 -lm -lpthread  -lc"
/usr/bin/ld: /tmp/ccLMBb5Z.o: in function `t':
/home/mlf/smart_ai/smart_bot/vender/bundle/ruby/4.0.0/gems/sqlite3-1.7.3/ext/sqlite3/conftest.c:15: undefined reference to `sqlite3_column_database_name'
collect2: error: ld returned 1 exit status
checked program was:
/* begin */
 1: #include "ruby.h"
 2: 
 3: /*top*/
 4: extern int t(void);
 5: int main(int argc, char **argv)
 6: {
 7:   if (argc > 1000000) {
 8:     int (* volatile tp)(void)=(int (*)(void))&t;
 9:     printf("%d", (*tp)());
10:   }
11: 
12:   return !!argv[argc];
13: }
14: extern void sqlite3_column_database_name();
15: int t(void) { sqlite3_column_database_name(); return 0; }
/* end */

--------------------

have_func: checking for sqlite3_enable_load_extension()... -------------------- yes

LD_LIBRARY_PATH=.:/usr/local/lib LSAN_OPTIONS=detect_leaks=0 "gcc -o conftest -I/usr/local/include/ruby-4.0.0/x86_64-linux -I/usr/local/include/ruby-4.0.0/ruby/backward -I/usr/local/include/ruby-4.0.0 -I. -I/home/mlf/smart_ai/smart_bot/vender/bundle/ruby/4.0.0/gems/sqlite3-1.7.3/ports/x86_64-linux-gnu/sqlite3/3.45.2/include    -fstack-protector-strong -U_FORTIFY_SOURCE -D_FORTIFY_SOURCE=2  -O3 -fno-fast-math -ggdb3 -Wall -Wextra -Wdeprecated-declarations -Wdiv-by-zero -Wduplicated-cond -Wimplicit-function-declaration -Wimplicit-int -Wpointer-arith -Wwrite-strings -Wold-style-definition -Wimplicit-fallthrough=0 -Wmissing-noreturn -Wno-cast-function-type -Wno-constant-logical-operand -Wno-long-long -Wno-missing-field-initializers -Wno-overlength-strings -Wno-packed-bitfield-compat -Wno-parentheses-equality -Wno-self-assign -Wno-tautological-compare -Wno-unused-parameter -Wno-unused-value -Wsuggest-attribute=format -Wsuggest-attribute=noreturn -Wunused-variable -Wmisleading-indentation -Wundef  -fvisibility=hidden conftest.c -L. -L/usr/local/lib -Wl,-rpath,/usr/local/lib -L. -fstack-protector-strong -rdynamic -Wl,-export-dynamic -L/home/mlf/smart_ai/smart_bot/vender/bundle/ruby/4.0.0/gems/sqlite3-1.7.3/ports/x86_64-linux-gnu/sqlite3/3.45.2/lib -L/home/mlf/smart_ai/smart_bot/vender/bundle/ruby/4.0.0/gems/sqlite3-1.7.3/ports/x86_64-linux-gnu/sqlite3/3.45.2/lib -lsqlite3 -lz -lm    -lsqlite3  -lsqlite3 -Wl,-rpath,/usr/local/lib -L/usr/local/lib -lruby-static -lz -lrt -lrt -lgmp -ldl -lcrypt -lm -lpthread  -lsqlite3  -lsqlite3 -lm -lpthread  -lc"
conftest.c: In function ‘t’:
conftest.c:14:57: error: ‘sqlite3_enable_load_extension’ undeclared (first use in this function)
   14 | int t(void) { void ((*volatile p)()); p = (void ((*)()))sqlite3_enable_load_extension; return !p; }
      |                                                         ^~~~~~~~~~~~~~~~~~~~~~~~~~~~~
conftest.c:14:57: note: each undeclared identifier is reported only once for each function it appears in
conftest.c: At top level:
cc1: note: unrecognized command-line option ‘-Wno-self-assign’ may have been intended to silence earlier diagnostics
cc1: note: unrecognized command-line option ‘-Wno-parentheses-equality’ may have been intended to silence earlier diagnostics
cc1: note: unrecognized command-line option ‘-Wno-constant-logical-operand’ may have been intended to silence earlier diagnostics
checked program was:
/* begin */
 1: #include "ruby.h"
 2: 
 3: /*top*/
 4: extern int t(void);
 5: int main(int argc, char **argv)
 6: {
 7:   if (argc > 1000000) {
 8:     int (* volatile tp)(void)=(int (*)(void))&t;
 9:     printf("%d", (*tp)());
10:   }
11: 
12:   return !!argv[argc];
13: }
14: int t(void) { void ((*volatile p)()); p = (void ((*)()))sqlite3_enable_load_extension; return !p; }
/* end */

LD_LIBRARY_PATH=.:/usr/local/lib LSAN_OPTIONS=detect_leaks=0 "gcc -o conftest -I/usr/local/include/ruby-4.0.0/x86_64-linux -I/usr/local/include/ruby-4.0.0/ruby/backward -I/usr/local/include/ruby-4.0.0 -I. -I/home/mlf/smart_ai/smart_bot/vender/bundle/ruby/4.0.0/gems/sqlite3-1.7.3/ports/x86_64-linux-gnu/sqlite3/3.45.2/include    -fstack-protector-strong -U_FORTIFY_SOURCE -D_FORTIFY_SOURCE=2  -O3 -fno-fast-math -ggdb3 -Wall -Wextra -Wdeprecated-declarations -Wdiv-by-zero -Wduplicated-cond -Wimplicit-function-declaration -Wimplicit-int -Wpointer-arith -Wwrite-strings -Wold-style-definition -Wimplicit-fallthrough=0 -Wmissing-noreturn -Wno-cast-function-type -Wno-constant-logical-operand -Wno-long-long -Wno-missing-field-initializers -Wno-overlength-strings -Wno-packed-bitfield-compat -Wno-parentheses-equality -Wno-self-assign -Wno-tautological-compare -Wno-unused-parameter -Wno-unused-value -Wsuggest-attribute=format -Wsuggest-attribute=noreturn -Wunused-variable -Wmisleading-indentation -Wundef  -fvisibility=hidden conftest.c -L. -L/usr/local/lib -Wl,-rpath,/usr/local/lib -L. -fstack-protector-strong -rdynamic -Wl,-export-dynamic -L/home/mlf/smart_ai/smart_bot/vender/bundle/ruby/4.0.0/gems/sqlite3-1.7.3/ports/x86_64-linux-gnu/sqlite3/3.45.2/lib -L/home/mlf/smart_ai/smart_bot/vender/bundle/ruby/4.0.0/gems/sqlite3-1.7.3/ports/x86_64-linux-gnu/sqlite3/3.45.2/lib -lsqlite3 -lz -lm    -lsqlite3  -lsqlite3 -Wl,-rpath,/usr/local/lib -L/usr/local/lib -lruby-static -lz -lrt -lrt -lgmp -ldl -lcrypt -lm -lpthread  -lsqlite3  -lsqlite3 -lm -lpthread  -lc"
checked program was:
/* begin */
 1: #include "ruby.h"
 2: 
 3: /*top*/
 4: extern int t(void);
 5: int main(int argc, char **argv)
 6: {
 7:   if (argc > 1000000) {
 8:     int (* volatile tp)(void)=(int (*)(void))&t;
 9:     printf("%d", (*tp)());
10:   }
11: 
12:   return !!argv[argc];
13: }
14: extern void sqlite3_enable_load_extension();
15: int t(void) { sqlite3_enable_load_extension(); return 0; }
/* end */

--------------------

have_func: checking for sqlite3_load_extension()... -------------------- yes

LD_LIBRARY_PATH=.:/usr/local/lib LSAN_OPTIONS=detect_leaks=0 "gcc -o conftest -I/usr/local/include/ruby-4.0.0/x86_64-linux -I/usr/local/include/ruby-4.0.0/ruby/backward -I/usr/local/include/ruby-4.0.0 -I. -I/home/mlf/smart_ai/smart_bot/vender/bundle/ruby/4.0.0/gems/sqlite3-1.7.3/ports/x86_64-linux-gnu/sqlite3/3.45.2/include    -fstack-protector-strong -U_FORTIFY_SOURCE -D_FORTIFY_SOURCE=2  -O3 -fno-fast-math -ggdb3 -Wall -Wextra -Wdeprecated-declarations -Wdiv-by-zero -Wduplicated-cond -Wimplicit-function-declaration -Wimplicit-int -Wpointer-arith -Wwrite-strings -Wold-style-definition -Wimplicit-fallthrough=0 -Wmissing-noreturn -Wno-cast-function-type -Wno-constant-logical-operand -Wno-long-long -Wno-missing-field-initializers -Wno-overlength-strings -Wno-packed-bitfield-compat -Wno-parentheses-equality -Wno-self-assign -Wno-tautological-compare -Wno-unused-parameter -Wno-unused-value -Wsuggest-attribute=format -Wsuggest-attribute=noreturn -Wunused-variable -Wmisleading-indentation -Wundef  -fvisibility=hidden conftest.c -L. -L/usr/local/lib -Wl,-rpath,/usr/local/lib -L. -fstack-protector-strong -rdynamic -Wl,-export-dynamic -L/home/mlf/smart_ai/smart_bot/vender/bundle/ruby/4.0.0/gems/sqlite3-1.7.3/ports/x86_64-linux-gnu/sqlite3/3.45.2/lib -L/home/mlf/smart_ai/smart_bot/vender/bundle/ruby/4.0.0/gems/sqlite3-1.7.3/ports/x86_64-linux-gnu/sqlite3/3.45.2/lib -lsqlite3 -lz -lm    -lsqlite3  -lsqlite3 -Wl,-rpath,/usr/local/lib -L/usr/local/lib -lruby-static -lz -lrt -lrt -lgmp -ldl -lcrypt -lm -lpthread  -lsqlite3  -lsqlite3 -lm -lpthread  -lc"
conftest.c: In function ‘t’:
conftest.c:14:57: error: ‘sqlite3_load_extension’ undeclared (first use in this function)
   14 | int t(void) { void ((*volatile p)()); p = (void ((*)()))sqlite3_load_extension; return !p; }
      |                                                         ^~~~~~~~~~~~~~~~~~~~~~
conftest.c:14:57: note: each undeclared identifier is reported only once for each function it appears in
conftest.c: At top level:
cc1: note: unrecognized command-line option ‘-Wno-self-assign’ may have been intended to silence earlier diagnostics
cc1: note: unrecognized command-line option ‘-Wno-parentheses-equality’ may have been intended to silence earlier diagnostics
cc1: note: unrecognized command-line option ‘-Wno-constant-logical-operand’ may have been intended to silence earlier diagnostics
checked program was:
/* begin */
 1: #include "ruby.h"
 2: 
 3: /*top*/
 4: extern int t(void);
 5: int main(int argc, char **argv)
 6: {
 7:   if (argc > 1000000) {
 8:     int (* volatile tp)(void)=(int (*)(void))&t;
 9:     printf("%d", (*tp)());
10:   }
11: 
12:   return !!argv[argc];
13: }
14: int t(void) { void ((*volatile p)()); p = (void ((*)()))sqlite3_load_extension; return !p; }
/* end */

LD_LIBRARY_PATH=.:/usr/local/lib LSAN_OPTIONS=detect_leaks=0 "gcc -o conftest -I/usr/local/include/ruby-4.0.0/x86_64-linux -I/usr/local/include/ruby-4.0.0/ruby/backward -I/usr/local/include/ruby-4.0.0 -I. -I/home/mlf/smart_ai/smart_bot/vender/bundle/ruby/4.0.0/gems/sqlite3-1.7.3/ports/x86_64-linux-gnu/sqlite3/3.45.2/include    -fstack-protector-strong -U_FORTIFY_SOURCE -D_FORTIFY_SOURCE=2  -O3 -fno-fast-math -ggdb3 -Wall -Wextra -Wdeprecated-declarations -Wdiv-by-zero -Wduplicated-cond -Wimplicit-function-declaration -Wimplicit-int -Wpointer-arith -Wwrite-strings -Wold-style-definition -Wimplicit-fallthrough=0 -Wmissing-noreturn -Wno-cast-function-type -Wno-constant-logical-operand -Wno-long-long -Wno-missing-field-initializers -Wno-overlength-strings -Wno-packed-bitfield-compat -Wno-parentheses-equality -Wno-self-assign -Wno-tautological-compare -Wno-unused-parameter -Wno-unused-value -Wsuggest-attribute=format -Wsuggest-attribute=noreturn -Wunused-variable -Wmisleading-indentation -Wundef  -fvisibility=hidden conftest.c -L. -L/usr/local/lib -Wl,-rpath,/usr/local/lib -L. -fstack-protector-strong -rdynamic -Wl,-export-dynamic -L/home/mlf/smart_ai/smart_bot/vender/bundle/ruby/4.0.0/gems/sqlite3-1.7.3/ports/x86_64-linux-gnu/sqlite3/3.45.2/lib -L/home/mlf/smart_ai/smart_bot/vender/bundle/ruby/4.0.0/gems/sqlite3-1.7.3/ports/x86_64-linux-gnu/sqlite3/3.45.2/lib -lsqlite3 -lz -lm    -lsqlite3  -lsqlite3 -Wl,-rpath,/usr/local/lib -L/usr/local/lib -lruby-static -lz -lrt -lrt -lgmp -ldl -lcrypt -lm -lpthread  -lsqlite3  -lsqlite3 -lm -lpthread  -lc"
checked program was:
/* begin */
 1: #include "ruby.h"
 2: 
 3: /*top*/
 4: extern int t(void);
 5: int main(int argc, char **argv)
 6: {
 7:   if (argc > 1000000) {
 8:     int (* volatile tp)(void)=(int (*)(void))&t;
 9:     printf("%d", (*tp)());
10:   }
11: 
12:   return !!argv[argc];
13: }
14: extern void sqlite3_load_extension();
15: int t(void) { sqlite3_load_extension(); return 0; }
/* end */

--------------------

have_func: checking for sqlite3_open_v2()... -------------------- yes

LD_LIBRARY_PATH=.:/usr/local/lib LSAN_OPTIONS=detect_leaks=0 "gcc -o conftest -I/usr/local/include/ruby-4.0.0/x86_64-linux -I/usr/local/include/ruby-4.0.0/ruby/backward -I/usr/local/include/ruby-4.0.0 -I. -I/home/mlf/smart_ai/smart_bot/vender/bundle/ruby/4.0.0/gems/sqlite3-1.7.3/ports/x86_64-linux-gnu/sqlite3/3.45.2/include    -fstack-protector-strong -U_FORTIFY_SOURCE -D_FORTIFY_SOURCE=2  -O3 -fno-fast-math -ggdb3 -Wall -Wextra -Wdeprecated-declarations -Wdiv-by-zero -Wduplicated-cond -Wimplicit-function-declaration -Wimplicit-int -Wpointer-arith -Wwrite-strings -Wold-style-definition -Wimplicit-fallthrough=0 -Wmissing-noreturn -Wno-cast-function-type -Wno-constant-logical-operand -Wno-long-long -Wno-missing-field-initializers -Wno-overlength-strings -Wno-packed-bitfield-compat -Wno-parentheses-equality -Wno-self-assign -Wno-tautological-compare -Wno-unused-parameter -Wno-unused-value -Wsuggest-attribute=format -Wsuggest-attribute=noreturn -Wunused-variable -Wmisleading-indentation -Wundef  -fvisibility=hidden conftest.c -L. -L/usr/local/lib -Wl,-rpath,/usr/local/lib -L. -fstack-protector-strong -rdynamic -Wl,-export-dynamic -L/home/mlf/smart_ai/smart_bot/vender/bundle/ruby/4.0.0/gems/sqlite3-1.7.3/ports/x86_64-linux-gnu/sqlite3/3.45.2/lib -L/home/mlf/smart_ai/smart_bot/vender/bundle/ruby/4.0.0/gems/sqlite3-1.7.3/ports/x86_64-linux-gnu/sqlite3/3.45.2/lib -lsqlite3 -lz -lm    -lsqlite3  -lsqlite3 -Wl,-rpath,/usr/local/lib -L/usr/local/lib -lruby-static -lz -lrt -lrt -lgmp -ldl -lcrypt -lm -lpthread  -lsqlite3  -lsqlite3 -lm -lpthread  -lc"
conftest.c: In function ‘t’:
conftest.c:14:57: error: ‘sqlite3_open_v2’ undeclared (first use in this function)
   14 | int t(void) { void ((*volatile p)()); p = (void ((*)()))sqlite3_open_v2; return !p; }
      |                                                         ^~~~~~~~~~~~~~~
conftest.c:14:57: note: each undeclared identifier is reported only once for each function it appears in
conftest.c: At top level:
cc1: note: unrecognized command-line option ‘-Wno-self-assign’ may have been intended to silence earlier diagnostics
cc1: note: unrecognized command-line option ‘-Wno-parentheses-equality’ may have been intended to silence earlier diagnostics
cc1: note: unrecognized command-line option ‘-Wno-constant-logical-operand’ may have been intended to silence earlier diagnostics
checked program was:
/* begin */
 1: #include "ruby.h"
 2: 
 3: /*top*/
 4: extern int t(void);
 5: int main(int argc, char **argv)
 6: {
 7:   if (argc > 1000000) {
 8:     int (* volatile tp)(void)=(int (*)(void))&t;
 9:     printf("%d", (*tp)());
10:   }
11: 
12:   return !!argv[argc];
13: }
14: int t(void) { void ((*volatile p)()); p = (void ((*)()))sqlite3_open_v2; return !p; }
/* end */

LD_LIBRARY_PATH=.:/usr/local/lib LSAN_OPTIONS=detect_leaks=0 "gcc -o conftest -I/usr/local/include/ruby-4.0.0/x86_64-linux -I/usr/local/include/ruby-4.0.0/ruby/backward -I/usr/local/include/ruby-4.0.0 -I. -I/home/mlf/smart_ai/smart_bot/vender/bundle/ruby/4.0.0/gems/sqlite3-1.7.3/ports/x86_64-linux-gnu/sqlite3/3.45.2/include    -fstack-protector-strong -U_FORTIFY_SOURCE -D_FORTIFY_SOURCE=2  -O3 -fno-fast-math -ggdb3 -Wall -Wextra -Wdeprecated-declarations -Wdiv-by-zero -Wduplicated-cond -Wimplicit-function-declaration -Wimplicit-int -Wpointer-arith -Wwrite-strings -Wold-style-definition -Wimplicit-fallthrough=0 -Wmissing-noreturn -Wno-cast-function-type -Wno-constant-logical-operand -Wno-long-long -Wno-missing-field-initializers -Wno-overlength-strings -Wno-packed-bitfield-compat -Wno-parentheses-equality -Wno-self-assign -Wno-tautological-compare -Wno-unused-parameter -Wno-unused-value -Wsuggest-attribute=format -Wsuggest-attribute=noreturn -Wunused-variable -Wmisleading-indentation -Wundef  -fvisibility=hidden conftest.c -L. -L/usr/local/lib -Wl,-rpath,/usr/local/lib -L. -fstack-protector-strong -rdynamic -Wl,-export-dynamic -L/home/mlf/smart_ai/smart_bot/vender/bundle/ruby/4.0.0/gems/sqlite3-1.7.3/ports/x86_64-linux-gnu/sqlite3/3.45.2/lib -L/home/mlf/smart_ai/smart_bot/vender/bundle/ruby/4.0.0/gems/sqlite3-1.7.3/ports/x86_64-linux-gnu/sqlite3/3.45.2/lib -lsqlite3 -lz -lm    -lsqlite3  -lsqlite3 -Wl,-rpath,/usr/local/lib -L/usr/local/lib -lruby-static -lz -lrt -lrt -lgmp -ldl -lcrypt -lm -lpthread  -lsqlite3  -lsqlite3 -lm -lpthread  -lc"
checked program was:
/* begin */
 1: #include "ruby.h"
 2: 
 3: /*top*/
 4: extern int t(void);
 5: int main(int argc, char **argv)
 6: {
 7:   if (argc > 1000000) {
 8:     int (* volatile tp)(void)=(int (*)(void))&t;
 9:     printf("%d", (*tp)());
10:   }
11: 
12:   return !!argv[argc];
13: }
14: extern void sqlite3_open_v2();
15: int t(void) { sqlite3_open_v2(); return 0; }
/* end */

--------------------

have_func: checking for sqlite3_prepare_v2()... -------------------- yes

LD_LIBRARY_PATH=.:/usr/local/lib LSAN_OPTIONS=detect_leaks=0 "gcc -o conftest -I/usr/local/include/ruby-4.0.0/x86_64-linux -I/usr/local/include/ruby-4.0.0/ruby/backward -I/usr/local/include/ruby-4.0.0 -I. -I/home/mlf/smart_ai/smart_bot/vender/bundle/ruby/4.0.0/gems/sqlite3-1.7.3/ports/x86_64-linux-gnu/sqlite3/3.45.2/include    -fstack-protector-strong -U_FORTIFY_SOURCE -D_FORTIFY_SOURCE=2  -O3 -fno-fast-math -ggdb3 -Wall -Wextra -Wdeprecated-declarations -Wdiv-by-zero -Wduplicated-cond -Wimplicit-function-declaration -Wimplicit-int -Wpointer-arith -Wwrite-strings -Wold-style-definition -Wimplicit-fallthrough=0 -Wmissing-noreturn -Wno-cast-function-type -Wno-constant-logical-operand -Wno-long-long -Wno-missing-field-initializers -Wno-overlength-strings -Wno-packed-bitfield-compat -Wno-parentheses-equality -Wno-self-assign -Wno-tautological-compare -Wno-unused-parameter -Wno-unused-value -Wsuggest-attribute=format -Wsuggest-attribute=noreturn -Wunused-variable -Wmisleading-indentation -Wundef  -fvisibility=hidden conftest.c -L. -L/usr/local/lib -Wl,-rpath,/usr/local/lib -L. -fstack-protector-strong -rdynamic -Wl,-export-dynamic -L/home/mlf/smart_ai/smart_bot/vender/bundle/ruby/4.0.0/gems/sqlite3-1.7.3/ports/x86_64-linux-gnu/sqlite3/3.45.2/lib -L/home/mlf/smart_ai/smart_bot/vender/bundle/ruby/4.0.0/gems/sqlite3-1.7.3/ports/x86_64-linux-gnu/sqlite3/3.45.2/lib -lsqlite3 -lz -lm    -lsqlite3  -lsqlite3 -Wl,-rpath,/usr/local/lib -L/usr/local/lib -lruby-static -lz -lrt -lrt -lgmp -ldl -lcrypt -lm -lpthread  -lsqlite3  -lsqlite3 -lm -lpthread  -lc"
conftest.c: In function ‘t’:
conftest.c:14:57: error: ‘sqlite3_prepare_v2’ undeclared (first use in this function)
   14 | int t(void) { void ((*volatile p)()); p = (void ((*)()))sqlite3_prepare_v2; return !p; }
      |                                                         ^~~~~~~~~~~~~~~~~~
conftest.c:14:57: note: each undeclared identifier is reported only once for each function it appears in
conftest.c: At top level:
cc1: note: unrecognized command-line option ‘-Wno-self-assign’ may have been intended to silence earlier diagnostics
cc1: note: unrecognized command-line option ‘-Wno-parentheses-equality’ may have been intended to silence earlier diagnostics
cc1: note: unrecognized command-line option ‘-Wno-constant-logical-operand’ may have been intended to silence earlier diagnostics
checked program was:
/* begin */
 1: #include "ruby.h"
 2: 
 3: /*top*/
 4: extern int t(void);
 5: int main(int argc, char **argv)
 6: {
 7:   if (argc > 1000000) {
 8:     int (* volatile tp)(void)=(int (*)(void))&t;
 9:     printf("%d", (*tp)());
10:   }
11: 
12:   return !!argv[argc];
13: }
14: int t(void) { void ((*volatile p)()); p = (void ((*)()))sqlite3_prepare_v2; return !p; }
/* end */

LD_LIBRARY_PATH=.:/usr/local/lib LSAN_OPTIONS=detect_leaks=0 "gcc -o conftest -I/usr/local/include/ruby-4.0.0/x86_64-linux -I/usr/local/include/ruby-4.0.0/ruby/backward -I/usr/local/include/ruby-4.0.0 -I. -I/home/mlf/smart_ai/smart_bot/vender/bundle/ruby/4.0.0/gems/sqlite3-1.7.3/ports/x86_64-linux-gnu/sqlite3/3.45.2/include    -fstack-protector-strong -U_FORTIFY_SOURCE -D_FORTIFY_SOURCE=2  -O3 -fno-fast-math -ggdb3 -Wall -Wextra -Wdeprecated-declarations -Wdiv-by-zero -Wduplicated-cond -Wimplicit-function-declaration -Wimplicit-int -Wpointer-arith -Wwrite-strings -Wold-style-definition -Wimplicit-fallthrough=0 -Wmissing-noreturn -Wno-cast-function-type -Wno-constant-logical-operand -Wno-long-long -Wno-missing-field-initializers -Wno-overlength-strings -Wno-packed-bitfield-compat -Wno-parentheses-equality -Wno-self-assign -Wno-tautological-compare -Wno-unused-parameter -Wno-unused-value -Wsuggest-attribute=format -Wsuggest-attribute=noreturn -Wunused-variable -Wmisleading-indentation -Wundef  -fvisibility=hidden conftest.c -L. -L/usr/local/lib -Wl,-rpath,/usr/local/lib -L. -fstack-protector-strong -rdynamic -Wl,-export-dynamic -L/home/mlf/smart_ai/smart_bot/vender/bundle/ruby/4.0.0/gems/sqlite3-1.7.3/ports/x86_64-linux-gnu/sqlite3/3.45.2/lib -L/home/mlf/smart_ai/smart_bot/vender/bundle/ruby/4.0.0/gems/sqlite3-1.7.3/ports/x86_64-linux-gnu/sqlite3/3.45.2/lib -lsqlite3 -lz -lm    -lsqlite3  -lsqlite3 -Wl,-rpath,/usr/local/lib -L/usr/local/lib -lruby-static -lz -lrt -lrt -lgmp -ldl -lcrypt -lm -lpthread  -lsqlite3  -lsqlite3 -lm -lpthread  -lc"
checked program was:
/* begin */
 1: #include "ruby.h"
 2: 
 3: /*top*/
 4: extern int t(void);
 5: int main(int argc, char **argv)
 6: {
 7:   if (argc > 1000000) {
 8:     int (* volatile tp)(void)=(int (*)(void))&t;
 9:     printf("%d", (*tp)());
10:   }
11: 
12:   return !!argv[argc];
13: }
14: extern void sqlite3_prepare_v2();
15: int t(void) { sqlite3_prepare_v2(); return 0; }
/* end */

--------------------

have_type: checking for sqlite3_int64 in sqlite3.h... -------------------- yes

LD_LIBRARY_PATH=.:/usr/local/lib LSAN_OPTIONS=detect_leaks=0 "gcc -I/usr/local/include/ruby-4.0.0/x86_64-linux -I/usr/local/include/ruby-4.0.0/ruby/backward -I/usr/local/include/ruby-4.0.0 -I. -I/home/mlf/smart_ai/smart_bot/vender/bundle/ruby/4.0.0/gems/sqlite3-1.7.3/ports/x86_64-linux-gnu/sqlite3/3.45.2/include    -fstack-protector-strong -U_FORTIFY_SOURCE -D_FORTIFY_SOURCE=2  -O3 -fno-fast-math -ggdb3 -Wall -Wextra -Wdeprecated-declarations -Wdiv-by-zero -Wduplicated-cond -Wimplicit-function-declaration -Wimplicit-int -Wpointer-arith -Wwrite-strings -Wold-style-definition -Wimplicit-fallthrough=0 -Wmissing-noreturn -Wno-cast-function-type -Wno-constant-logical-operand -Wno-long-long -Wno-missing-field-initializers -Wno-overlength-strings -Wno-packed-bitfield-compat -Wno-parentheses-equality -Wno-self-assign -Wno-tautological-compare -Wno-unused-parameter -Wno-unused-value -Wsuggest-attribute=format -Wsuggest-attribute=noreturn -Wunused-variable -Wmisleading-indentation -Wundef  -fvisibility=hidden   -c conftest.c"
checked program was:
/* begin */
1: #include "ruby.h"
2: 
3: #include <sqlite3.h>
4: 
5: /*top*/
6: typedef sqlite3_int64 conftest_type;
7: int conftestval[sizeof(conftest_type)?1:-1];
/* end */

--------------------

have_type: checking for sqlite3_uint64 in sqlite3.h... -------------------- yes

LD_LIBRARY_PATH=.:/usr/local/lib LSAN_OPTIONS=detect_leaks=0 "gcc -I/usr/local/include/ruby-4.0.0/x86_64-linux -I/usr/local/include/ruby-4.0.0/ruby/backward -I/usr/local/include/ruby-4.0.0 -I. -I/home/mlf/smart_ai/smart_bot/vender/bundle/ruby/4.0.0/gems/sqlite3-1.7.3/ports/x86_64-linux-gnu/sqlite3/3.45.2/include    -fstack-protector-strong -U_FORTIFY_SOURCE -D_FORTIFY_SOURCE=2  -O3 -fno-fast-math -ggdb3 -Wall -Wextra -Wdeprecated-declarations -Wdiv-by-zero -Wduplicated-cond -Wimplicit-function-declaration -Wimplicit-int -Wpointer-arith -Wwrite-strings -Wold-style-definition -Wimplicit-fallthrough=0 -Wmissing-noreturn -Wno-cast-function-type -Wno-constant-logical-operand -Wno-long-long -Wno-missing-field-initializers -Wno-overlength-strings -Wno-packed-bitfield-compat -Wno-parentheses-equality -Wno-self-assign -Wno-tautological-compare -Wno-unused-parameter -Wno-unused-value -Wsuggest-attribute=format -Wsuggest-attribute=noreturn -Wunused-variable -Wmisleading-indentation -Wundef  -fvisibility=hidden   -c conftest.c"
checked program was:
/* begin */
1: #include "ruby.h"
2: 
3: #include <sqlite3.h>
4: 
5: /*top*/
6: typedef sqlite3_uint64 conftest_type;
7: int conftestval[sizeof(conftest_type)?1:-1];
/* end */

--------------------

